<?xml version="1.0" encoding="UTF-8"?>
<testsuite xmlns:xsi="http://www.w3.org/2001/XMLSchema-instance" xsi:noNamespaceSchemaLocation="https://maven.apache.org/surefire/maven-surefire-plugin/xsd/surefire-test-report.xsd" name="com.caveofprogramming.tests.StatusTest" time="0.631" tests="1" errors="1" skipped="0" failures="0">
  <properties>
[...]
</properties>
  <testcase name="initializationError" classname="com.caveofprogramming.tests.StatusTest" time="0.007">
    <error message="@WebAppConfiguration should only be used with @SpringBootTest when @SpringBootTest is configured with a mock web environment. Please remove @WebAppConfiguration or reconfigure @SpringBootTest." type="java.lang.IllegalStateException">java.lang.IllegalStateException: @WebAppConfiguration should only be used with @SpringBootTest when @SpringBootTest is configured with a mock web environment. Please remove @WebAppConfiguration or reconfigure @SpringBootTest.
</error>
    <system-out><![CDATA[07:42:36.923 [main] DEBUG org.springframework.test.context.junit4.SpringJUnit4ClassRunner - SpringJUnit4ClassRunner constructor called with [class com.caveofprogramming.tests.StatusTest]
07:42:36.929 [main] DEBUG org.springframework.test.context.BootstrapUtils - Instantiating CacheAwareContextLoaderDelegate from class [org.springframework.test.context.cache.DefaultCacheAwareContextLoaderDelegate]
07:42:36.942 [main] DEBUG org.springframework.test.context.BootstrapUtils - Instantiating BootstrapContext using constructor [public org.springframework.test.context.support.DefaultBootstrapContext(java.lang.Class,org.springframework.test.context.CacheAwareContextLoaderDelegate)]
07:42:36.969 [main] DEBUG org.springframework.test.context.BootstrapUtils - Instantiating TestContextBootstrapper for test class [com.caveofprogramming.tests.StatusTest] from class [org.springframework.boot.test.context.SpringBootTestContextBootstrapper]
07:42:36.989 [main] INFO org.springframework.boot.test.context.SpringBootTestContextBootstrapper - Neither @ContextConfiguration nor @ContextHierarchy found for test class [com.caveofprogramming.tests.StatusTest], using SpringBootContextLoader
07:42:36.996 [main] DEBUG org.springframework.test.context.support.AbstractContextLoader - Did not detect default resource location for test class [com.caveofprogramming.tests.StatusTest]: class path resource [com/caveofprogramming/tests/StatusTest-context.xml] does not exist
07:42:36.997 [main] DEBUG org.springframework.test.context.support.AbstractContextLoader - Did not detect default resource location for test class [com.caveofprogramming.tests.StatusTest]: class path resource [com/caveofprogramming/tests/StatusTestContext.groovy] does not exist
07:42:36.998 [main] INFO org.springframework.test.context.support.AbstractContextLoader - Could not detect default resource locations for test class [com.caveofprogramming.tests.StatusTest]: no resource found for suffixes {-context.xml, Context.groovy}.
07:42:36.999 [main] INFO org.springframework.test.context.support.AnnotationConfigContextLoaderUtils - Could not detect default configuration classes for test class [com.caveofprogramming.tests.StatusTest]: StatusTest does not declare any static, non-private, non-final, nested classes annotated with @Configuration.
07:42:37.073 [main] DEBUG org.springframework.test.context.support.ActiveProfilesUtils - Could not find an 'annotation declaring class' for annotation type [org.springframework.test.context.ActiveProfiles] and class [com.caveofprogramming.tests.StatusTest]
07:42:37.192 [main] DEBUG org.springframework.context.annotation.ClassPathScanningCandidateComponentProvider - Identified candidate component class: file [/home/ove/eclipse-workspace1/spring-boot-tutorial/target/classes/com/caveofprogramming/App.class]
07:42:37.195 [main] INFO org.springframework.boot.test.context.SpringBootTestContextBootstrapper - Found @SpringBootConfiguration com.caveofprogramming.App for test class com.caveofprogramming.tests.StatusTest
]]></system-out>
  </testcase>
</testsuite>